{"C:\\Users\\Asus\\healthcare-backend\\src\\app.js": {"path":"C:\\Users\\Asus\\healthcare-backend\\src\\app.js","statementMap":{"0":{"start":{"line":8,"column":12},"end":{"line":8,"column":21}},"1":{"start":{"line":11,"column":0},"end":{"line":11,"column":16}},"2":{"start":{"line":12,"column":0},"end":{"line":12,"column":24}},"3":{"start":{"line":15,"column":0},"end":{"line":17,"column":3}},"4":{"start":{"line":16,"column":2},"end":{"line":16,"column":76}},"5":{"start":{"line":19,"column":0},"end":{"line":19,"column":36}},"6":{"start":{"line":20,"column":0},"end":{"line":20,"column":37}},"7":{"start":{"line":21,"column":0},"end":{"line":21,"column":38}},"8":{"start":{"line":22,"column":0},"end":{"line":22,"column":51}},"9":{"start":{"line":25,"column":0},"end":{"line":31,"column":3}},"10":{"start":{"line":26,"column":2},"end":{"line":26,"column":38}},"11":{"start":{"line":27,"column":2},"end":{"line":30,"column":5}}},"fnMap":{"0":{"name":"(anonymous_0)","decl":{"start":{"line":15,"column":26},"end":{"line":15,"column":27}},"loc":{"start":{"line":15,"column":40},"end":{"line":17,"column":1}},"line":15},"1":{"name":"(anonymous_1)","decl":{"start":{"line":25,"column":8},"end":{"line":25,"column":9}},"loc":{"start":{"line":25,"column":33},"end":{"line":31,"column":1}},"line":25}},"branchMap":{"0":{"loc":{"start":{"line":29,"column":13},"end":{"line":29,"column":51}},"type":"binary-expr","locations":[{"start":{"line":29,"column":13},"end":{"line":29,"column":24}},{"start":{"line":29,"column":28},"end":{"line":29,"column":51}}],"line":29}},"s":{"0":1,"1":1,"2":1,"3":1,"4":0,"5":1,"6":1,"7":1,"8":1,"9":1,"10":0,"11":0},"f":{"0":0,"1":0},"b":{"0":[0,0]},"_coverageSchema":"1a1c01bbd47fc00a2c39e90264f33305004495a9","hash":"e2ea956bab7bfed4e99ec7adcefe33b22a5bb078"}
,"C:\\Users\\Asus\\healthcare-backend\\src\\server.js": {"path":"C:\\Users\\Asus\\healthcare-backend\\src\\server.js","statementMap":{"0":{"start":{"line":5,"column":0},"end":{"line":5,"column":16}},"1":{"start":{"line":7,"column":13},"end":{"line":7,"column":37}},"2":{"start":{"line":9,"column":20},"end":{"line":15,"column":1}},"3":{"start":{"line":10,"column":2},"end":{"line":10,"column":20}},"4":{"start":{"line":11,"column":17},"end":{"line":13,"column":4}},"5":{"start":{"line":12,"column":4},"end":{"line":12,"column":64}},"6":{"start":{"line":14,"column":2},"end":{"line":14,"column":16}},"7":{"start":{"line":18,"column":0},"end":{"line":20,"column":1}},"8":{"start":{"line":19,"column":2},"end":{"line":19,"column":16}}},"fnMap":{"0":{"name":"(anonymous_0)","decl":{"start":{"line":9,"column":20},"end":{"line":9,"column":21}},"loc":{"start":{"line":9,"column":32},"end":{"line":15,"column":1}},"line":9},"1":{"name":"(anonymous_1)","decl":{"start":{"line":11,"column":34},"end":{"line":11,"column":35}},"loc":{"start":{"line":11,"column":40},"end":{"line":13,"column":3}},"line":11}},"branchMap":{"0":{"loc":{"start":{"line":7,"column":13},"end":{"line":7,"column":37}},"type":"binary-expr","locations":[{"start":{"line":7,"column":13},"end":{"line":7,"column":29}},{"start":{"line":7,"column":33},"end":{"line":7,"column":37}}],"line":7},"1":{"loc":{"start":{"line":18,"column":0},"end":{"line":20,"column":1}},"type":"if","locations":[{"start":{"line":18,"column":0},"end":{"line":20,"column":1}},{"start":{},"end":{}}],"line":18}},"s":{"0":0,"1":0,"2":0,"3":0,"4":0,"5":0,"6":0,"7":0,"8":0},"f":{"0":0,"1":0},"b":{"0":[0,0],"1":[0,0]}}
,"C:\\Users\\Asus\\healthcare-backend\\src\\config\\db.js": {"path":"C:\\Users\\Asus\\healthcare-backend\\src\\config\\db.js","statementMap":{"0":{"start":{"line":3,"column":18},"end":{"line":16,"column":1}},"1":{"start":{"line":4,"column":2},"end":{"line":15,"column":3}},"2":{"start":{"line":6,"column":6},"end":{"line":8,"column":31}},"3":{"start":{"line":10,"column":4},"end":{"line":10,"column":32}},"4":{"start":{"line":11,"column":4},"end":{"line":11,"column":39}},"5":{"start":{"line":13,"column":4},"end":{"line":13,"column":65}},"6":{"start":{"line":14,"column":4},"end":{"line":14,"column":20}}},"fnMap":{"0":{"name":"(anonymous_0)","decl":{"start":{"line":3,"column":18},"end":{"line":3,"column":19}},"loc":{"start":{"line":3,"column":30},"end":{"line":16,"column":1}},"line":3}},"branchMap":{"0":{"loc":{"start":{"line":6,"column":6},"end":{"line":8,"column":31}},"type":"cond-expr","locations":[{"start":{"line":7,"column":10},"end":{"line":7,"column":36}},{"start":{"line":8,"column":10},"end":{"line":8,"column":31}}],"line":6}},"s":{"0":1,"1":1,"2":1,"3":1,"4":1,"5":0,"6":0},"f":{"0":1},"b":{"0":[1,0]},"_coverageSchema":"1a1c01bbd47fc00a2c39e90264f33305004495a9","hash":"2d076ec8c62b8373ae3c73a5c63d2f6271c6e369"}
,"C:\\Users\\Asus\\healthcare-backend\\src\\controllers\\appointmentController.js": {"path":"C:\\Users\\Asus\\healthcare-backend\\src\\controllers\\appointmentController.js","statementMap":{"0":{"start":{"line":5,"column":33},"end":{"line":40,"column":1}},"1":{"start":{"line":6,"column":2},"end":{"line":39,"column":3}},"2":{"start":{"line":7,"column":43},"end":{"line":7,"column":51}},"3":{"start":{"line":9,"column":4},"end":{"line":14,"column":5}},"4":{"start":{"line":10,"column":6},"end":{"line":13,"column":9}},"5":{"start":{"line":17,"column":19},"end":{"line":17,"column":48}},"6":{"start":{"line":18,"column":4},"end":{"line":23,"column":5}},"7":{"start":{"line":19,"column":6},"end":{"line":22,"column":9}},"8":{"start":{"line":25,"column":24},"end":{"line":30,"column":6}},"9":{"start":{"line":32,"column":4},"end":{"line":36,"column":7}},"10":{"start":{"line":38,"column":4},"end":{"line":38,"column":16}},"11":{"start":{"line":43,"column":33},"end":{"line":60,"column":1}},"12":{"start":{"line":44,"column":2},"end":{"line":59,"column":3}},"13":{"start":{"line":45,"column":17},"end":{"line":45,"column":19}},"14":{"start":{"line":47,"column":4},"end":{"line":47,"column":67}},"15":{"start":{"line":47,"column":37},"end":{"line":47,"column":67}},"16":{"start":{"line":48,"column":4},"end":{"line":48,"column":65}},"17":{"start":{"line":48,"column":36},"end":{"line":48,"column":65}},"18":{"start":{"line":49,"column":4},"end":{"line":49,"column":47}},"19":{"start":{"line":49,"column":35},"end":{"line":49,"column":47}},"20":{"start":{"line":51,"column":25},"end":{"line":54,"column":30}},"21":{"start":{"line":56,"column":4},"end":{"line":56,"column":58}},"22":{"start":{"line":58,"column":4},"end":{"line":58,"column":16}},"23":{"start":{"line":63,"column":39},"end":{"line":97,"column":1}},"24":{"start":{"line":64,"column":2},"end":{"line":96,"column":3}},"25":{"start":{"line":65,"column":19},"end":{"line":65,"column":29}},"26":{"start":{"line":66,"column":23},"end":{"line":66,"column":31}},"27":{"start":{"line":68,"column":20},"end":{"line":68,"column":70}},"28":{"start":{"line":69,"column":4},"end":{"line":74,"column":5}},"29":{"start":{"line":70,"column":6},"end":{"line":73,"column":9}},"30":{"start":{"line":76,"column":24},"end":{"line":76,"column":54}},"31":{"start":{"line":77,"column":4},"end":{"line":79,"column":5}},"32":{"start":{"line":78,"column":6},"end":{"line":78,"column":88}},"33":{"start":{"line":82,"column":4},"end":{"line":84,"column":5}},"34":{"start":{"line":83,"column":6},"end":{"line":83,"column":80}},"35":{"start":{"line":86,"column":4},"end":{"line":86,"column":32}},"36":{"start":{"line":87,"column":4},"end":{"line":87,"column":29}},"37":{"start":{"line":89,"column":4},"end":{"line":93,"column":7}},"38":{"start":{"line":95,"column":4},"end":{"line":95,"column":16}}},"fnMap":{"0":{"name":"(anonymous_0)","decl":{"start":{"line":5,"column":33},"end":{"line":5,"column":34}},"loc":{"start":{"line":5,"column":59},"end":{"line":40,"column":1}},"line":5},"1":{"name":"(anonymous_1)","decl":{"start":{"line":43,"column":33},"end":{"line":43,"column":34}},"loc":{"start":{"line":43,"column":59},"end":{"line":60,"column":1}},"line":43},"2":{"name":"(anonymous_2)","decl":{"start":{"line":63,"column":39},"end":{"line":63,"column":40}},"loc":{"start":{"line":63,"column":65},"end":{"line":97,"column":1}},"line":63}},"branchMap":{"0":{"loc":{"start":{"line":9,"column":4},"end":{"line":14,"column":5}},"type":"if","locations":[{"start":{"line":9,"column":4},"end":{"line":14,"column":5}},{"start":{},"end":{}}],"line":9},"1":{"loc":{"start":{"line":9,"column":8},"end":{"line":9,"column":41}},"type":"binary-expr","locations":[{"start":{"line":9,"column":8},"end":{"line":9,"column":17}},{"start":{"line":9,"column":21},"end":{"line":9,"column":30}},{"start":{"line":9,"column":34},"end":{"line":9,"column":41}}],"line":9},"2":{"loc":{"start":{"line":18,"column":4},"end":{"line":23,"column":5}},"type":"if","locations":[{"start":{"line":18,"column":4},"end":{"line":23,"column":5}},{"start":{},"end":{}}],"line":18},"3":{"loc":{"start":{"line":18,"column":8},"end":{"line":18,"column":43}},"type":"binary-expr","locations":[{"start":{"line":18,"column":8},"end":{"line":18,"column":15}},{"start":{"line":18,"column":19},"end":{"line":18,"column":43}}],"line":18},"4":{"loc":{"start":{"line":47,"column":4},"end":{"line":47,"column":67}},"type":"if","locations":[{"start":{"line":47,"column":4},"end":{"line":47,"column":67}},{"start":{},"end":{}}],"line":47},"5":{"loc":{"start":{"line":48,"column":4},"end":{"line":48,"column":65}},"type":"if","locations":[{"start":{"line":48,"column":4},"end":{"line":48,"column":65}},{"start":{},"end":{}}],"line":48},"6":{"loc":{"start":{"line":49,"column":4},"end":{"line":49,"column":47}},"type":"if","locations":[{"start":{"line":49,"column":4},"end":{"line":49,"column":47}},{"start":{},"end":{}}],"line":49},"7":{"loc":{"start":{"line":69,"column":4},"end":{"line":74,"column":5}},"type":"if","locations":[{"start":{"line":69,"column":4},"end":{"line":74,"column":5}},{"start":{},"end":{}}],"line":69},"8":{"loc":{"start":{"line":77,"column":4},"end":{"line":79,"column":5}},"type":"if","locations":[{"start":{"line":77,"column":4},"end":{"line":79,"column":5}},{"start":{},"end":{}}],"line":77},"9":{"loc":{"start":{"line":82,"column":4},"end":{"line":84,"column":5}},"type":"if","locations":[{"start":{"line":82,"column":4},"end":{"line":84,"column":5}},{"start":{},"end":{}}],"line":82},"10":{"loc":{"start":{"line":82,"column":8},"end":{"line":82,"column":95}},"type":"binary-expr","locations":[{"start":{"line":82,"column":8},"end":{"line":82,"column":34}},{"start":{"line":82,"column":38},"end":{"line":82,"column":95}}],"line":82}},"s":{"0":1,"1":0,"2":0,"3":0,"4":0,"5":0,"6":0,"7":0,"8":0,"9":0,"10":0,"11":1,"12":0,"13":0,"14":0,"15":0,"16":0,"17":0,"18":0,"19":0,"20":0,"21":0,"22":0,"23":1,"24":0,"25":0,"26":0,"27":0,"28":0,"29":0,"30":0,"31":0,"32":0,"33":0,"34":0,"35":0,"36":0,"37":0,"38":0},"f":{"0":0,"1":0,"2":0},"b":{"0":[0,0],"1":[0,0,0],"2":[0,0],"3":[0,0],"4":[0,0],"5":[0,0],"6":[0,0],"7":[0,0],"8":[0,0],"9":[0,0],"10":[0,0]},"_coverageSchema":"1a1c01bbd47fc00a2c39e90264f33305004495a9","hash":"3561a057077661210f85822fbb0fab9613eca2d9"}
,"C:\\Users\\Asus\\healthcare-backend\\src\\controllers\\authController.js": {"path":"C:\\Users\\Asus\\healthcare-backend\\src\\controllers\\authController.js","statementMap":{"0":{"start":{"line":4,"column":24},"end":{"line":39,"column":1}},"1":{"start":{"line":5,"column":2},"end":{"line":38,"column":3}},"2":{"start":{"line":6,"column":44},"end":{"line":6,"column":52}},"3":{"start":{"line":8,"column":4},"end":{"line":12,"column":5}},"4":{"start":{"line":9,"column":6},"end":{"line":11,"column":83}},"5":{"start":{"line":14,"column":25},"end":{"line":14,"column":54}},"6":{"start":{"line":15,"column":4},"end":{"line":19,"column":5}},"7":{"start":{"line":16,"column":6},"end":{"line":18,"column":71}},"8":{"start":{"line":21,"column":17},"end":{"line":26,"column":6}},"9":{"start":{"line":28,"column":18},"end":{"line":28,"column":41}},"10":{"start":{"line":30,"column":4},"end":{"line":35,"column":7}},"11":{"start":{"line":37,"column":4},"end":{"line":37,"column":16}},"12":{"start":{"line":41,"column":21},"end":{"line":72,"column":1}},"13":{"start":{"line":42,"column":2},"end":{"line":71,"column":3}},"14":{"start":{"line":43,"column":32},"end":{"line":43,"column":40}},"15":{"start":{"line":45,"column":4},"end":{"line":49,"column":5}},"16":{"start":{"line":46,"column":6},"end":{"line":48,"column":80}},"17":{"start":{"line":51,"column":17},"end":{"line":51,"column":66}},"18":{"start":{"line":52,"column":4},"end":{"line":54,"column":5}},"19":{"start":{"line":53,"column":6},"end":{"line":53,"column":86}},"20":{"start":{"line":56,"column":20},"end":{"line":56,"column":56}},"21":{"start":{"line":57,"column":4},"end":{"line":59,"column":5}},"22":{"start":{"line":58,"column":6},"end":{"line":58,"column":86}},"23":{"start":{"line":61,"column":18},"end":{"line":61,"column":41}},"24":{"start":{"line":63,"column":4},"end":{"line":68,"column":7}},"25":{"start":{"line":70,"column":4},"end":{"line":70,"column":16}}},"fnMap":{"0":{"name":"(anonymous_0)","decl":{"start":{"line":4,"column":24},"end":{"line":4,"column":25}},"loc":{"start":{"line":4,"column":50},"end":{"line":39,"column":1}},"line":4},"1":{"name":"(anonymous_1)","decl":{"start":{"line":41,"column":21},"end":{"line":41,"column":22}},"loc":{"start":{"line":41,"column":47},"end":{"line":72,"column":1}},"line":41}},"branchMap":{"0":{"loc":{"start":{"line":8,"column":4},"end":{"line":12,"column":5}},"type":"if","locations":[{"start":{"line":8,"column":4},"end":{"line":12,"column":5}},{"start":{},"end":{}}],"line":8},"1":{"loc":{"start":{"line":8,"column":8},"end":{"line":8,"column":36}},"type":"binary-expr","locations":[{"start":{"line":8,"column":8},"end":{"line":8,"column":13}},{"start":{"line":8,"column":17},"end":{"line":8,"column":23}},{"start":{"line":8,"column":27},"end":{"line":8,"column":36}}],"line":8},"2":{"loc":{"start":{"line":15,"column":4},"end":{"line":19,"column":5}},"type":"if","locations":[{"start":{"line":15,"column":4},"end":{"line":19,"column":5}},{"start":{},"end":{}}],"line":15},"3":{"loc":{"start":{"line":25,"column":12},"end":{"line":25,"column":29}},"type":"binary-expr","locations":[{"start":{"line":25,"column":12},"end":{"line":25,"column":16}},{"start":{"line":25,"column":20},"end":{"line":25,"column":29}}],"line":25},"4":{"loc":{"start":{"line":45,"column":4},"end":{"line":49,"column":5}},"type":"if","locations":[{"start":{"line":45,"column":4},"end":{"line":49,"column":5}},{"start":{},"end":{}}],"line":45},"5":{"loc":{"start":{"line":45,"column":8},"end":{"line":45,"column":27}},"type":"binary-expr","locations":[{"start":{"line":45,"column":8},"end":{"line":45,"column":14}},{"start":{"line":45,"column":18},"end":{"line":45,"column":27}}],"line":45},"6":{"loc":{"start":{"line":52,"column":4},"end":{"line":54,"column":5}},"type":"if","locations":[{"start":{"line":52,"column":4},"end":{"line":54,"column":5}},{"start":{},"end":{}}],"line":52},"7":{"loc":{"start":{"line":57,"column":4},"end":{"line":59,"column":5}},"type":"if","locations":[{"start":{"line":57,"column":4},"end":{"line":59,"column":5}},{"start":{},"end":{}}],"line":57}},"s":{"0":1,"1":2,"2":2,"3":2,"4":0,"5":2,"6":2,"7":0,"8":2,"9":2,"10":2,"11":0,"12":1,"13":1,"14":1,"15":1,"16":0,"17":1,"18":1,"19":0,"20":1,"21":1,"22":0,"23":1,"24":1,"25":0},"f":{"0":2,"1":1},"b":{"0":[0,2],"1":[2,2,2],"2":[0,2],"3":[2,0],"4":[0,1],"5":[1,1],"6":[0,1],"7":[0,1]},"_coverageSchema":"1a1c01bbd47fc00a2c39e90264f33305004495a9","hash":"1e3a5580bd3c5a754fa36147c0b5af6be191953a"}
,"C:\\Users\\Asus\\healthcare-backend\\src\\controllers\\userController.js": {"path":"C:\\Users\\Asus\\healthcare-backend\\src\\controllers\\userController.js","statementMap":{"0":{"start":{"line":1,"column":21},"end":{"line":12,"column":1}},"1":{"start":{"line":2,"column":2},"end":{"line":11,"column":5}}},"fnMap":{"0":{"name":"(anonymous_0)","decl":{"start":{"line":1,"column":21},"end":{"line":1,"column":22}},"loc":{"start":{"line":1,"column":41},"end":{"line":12,"column":1}},"line":1}},"branchMap":{},"s":{"0":1,"1":0},"f":{"0":0},"b":{},"_coverageSchema":"1a1c01bbd47fc00a2c39e90264f33305004495a9","hash":"36236a87dfa1db83127f10f0a1edef970f698af6"}
,"C:\\Users\\Asus\\healthcare-backend\\src\\middleware\\auth.js": {"path":"C:\\Users\\Asus\\healthcare-backend\\src\\middleware\\auth.js","statementMap":{"0":{"start":{"line":4,"column":31},"end":{"line":26,"column":1}},"1":{"start":{"line":5,"column":2},"end":{"line":25,"column":3}},"2":{"start":{"line":6,"column":23},"end":{"line":6,"column":48}},"3":{"start":{"line":8,"column":4},"end":{"line":10,"column":5}},"4":{"start":{"line":9,"column":6},"end":{"line":9,"column":84}},"5":{"start":{"line":12,"column":18},"end":{"line":12,"column":42}},"6":{"start":{"line":14,"column":20},"end":{"line":14,"column":61}},"7":{"start":{"line":16,"column":17},"end":{"line":16,"column":48}},"8":{"start":{"line":17,"column":4},"end":{"line":19,"column":5}},"9":{"start":{"line":18,"column":6},"end":{"line":18,"column":81}},"10":{"start":{"line":21,"column":4},"end":{"line":21,"column":20}},"11":{"start":{"line":22,"column":4},"end":{"line":22,"column":11}},"12":{"start":{"line":24,"column":4},"end":{"line":24,"column":89}},"13":{"start":{"line":28,"column":30},"end":{"line":35,"column":1}},"14":{"start":{"line":29,"column":2},"end":{"line":34,"column":4}},"15":{"start":{"line":30,"column":4},"end":{"line":32,"column":5}},"16":{"start":{"line":31,"column":6},"end":{"line":31,"column":80}},"17":{"start":{"line":33,"column":4},"end":{"line":33,"column":11}}},"fnMap":{"0":{"name":"(anonymous_0)","decl":{"start":{"line":4,"column":31},"end":{"line":4,"column":32}},"loc":{"start":{"line":4,"column":57},"end":{"line":26,"column":1}},"line":4},"1":{"name":"(anonymous_1)","decl":{"start":{"line":28,"column":30},"end":{"line":28,"column":31}},"loc":{"start":{"line":28,"column":44},"end":{"line":35,"column":1}},"line":28},"2":{"name":"(anonymous_2)","decl":{"start":{"line":29,"column":9},"end":{"line":29,"column":10}},"loc":{"start":{"line":29,"column":29},"end":{"line":34,"column":3}},"line":29}},"branchMap":{"0":{"loc":{"start":{"line":8,"column":4},"end":{"line":10,"column":5}},"type":"if","locations":[{"start":{"line":8,"column":4},"end":{"line":10,"column":5}},{"start":{},"end":{}}],"line":8},"1":{"loc":{"start":{"line":8,"column":8},"end":{"line":8,"column":56}},"type":"binary-expr","locations":[{"start":{"line":8,"column":8},"end":{"line":8,"column":19}},{"start":{"line":8,"column":23},"end":{"line":8,"column":56}}],"line":8},"2":{"loc":{"start":{"line":17,"column":4},"end":{"line":19,"column":5}},"type":"if","locations":[{"start":{"line":17,"column":4},"end":{"line":19,"column":5}},{"start":{},"end":{}}],"line":17},"3":{"loc":{"start":{"line":30,"column":4},"end":{"line":32,"column":5}},"type":"if","locations":[{"start":{"line":30,"column":4},"end":{"line":32,"column":5}},{"start":{},"end":{}}],"line":30},"4":{"loc":{"start":{"line":30,"column":8},"end":{"line":30,"column":51}},"type":"binary-expr","locations":[{"start":{"line":30,"column":8},"end":{"line":30,"column":17}},{"start":{"line":30,"column":21},"end":{"line":30,"column":51}}],"line":30}},"s":{"0":1,"1":0,"2":0,"3":0,"4":0,"5":0,"6":0,"7":0,"8":0,"9":0,"10":0,"11":0,"12":0,"13":1,"14":4,"15":0,"16":0,"17":0},"f":{"0":0,"1":4,"2":0},"b":{"0":[0,0],"1":[0,0],"2":[0,0],"3":[0,0],"4":[0,0]},"_coverageSchema":"1a1c01bbd47fc00a2c39e90264f33305004495a9","hash":"e0fa929af78437a03af0f2d33e1cd8c93c666546"}
,"C:\\Users\\Asus\\healthcare-backend\\src\\models\\Appointment.js": {"path":"C:\\Users\\Asus\\healthcare-backend\\src\\models\\Appointment.js","statementMap":{"0":{"start":{"line":3,"column":26},"end":{"line":33,"column":1}}},"fnMap":{},"branchMap":{},"s":{"0":1},"f":{},"b":{},"_coverageSchema":"1a1c01bbd47fc00a2c39e90264f33305004495a9","hash":"7fd4554c1f1be871e5f28d70d0358f2bc06909c4"}
,"C:\\Users\\Asus\\healthcare-backend\\src\\models\\User.js": {"path":"C:\\Users\\Asus\\healthcare-backend\\src\\models\\User.js","statementMap":{"0":{"start":{"line":5,"column":19},"end":{"line":35,"column":1}},"1":{"start":{"line":39,"column":0},"end":{"line":44,"column":3}},"2":{"start":{"line":40,"column":2},"end":{"line":40,"column":43}},"3":{"start":{"line":40,"column":36},"end":{"line":40,"column":43}},"4":{"start":{"line":42,"column":15},"end":{"line":42,"column":39}},"5":{"start":{"line":43,"column":2},"end":{"line":43,"column":57}},"6":{"start":{"line":47,"column":0},"end":{"line":49,"column":2}},"7":{"start":{"line":48,"column":2},"end":{"line":48,"column":56}}},"fnMap":{"0":{"name":"(anonymous_0)","decl":{"start":{"line":39,"column":23},"end":{"line":39,"column":24}},"loc":{"start":{"line":39,"column":41},"end":{"line":44,"column":1}},"line":39},"1":{"name":"(anonymous_1)","decl":{"start":{"line":47,"column":37},"end":{"line":47,"column":38}},"loc":{"start":{"line":47,"column":70},"end":{"line":49,"column":1}},"line":47}},"branchMap":{"0":{"loc":{"start":{"line":40,"column":2},"end":{"line":40,"column":43}},"type":"if","locations":[{"start":{"line":40,"column":2},"end":{"line":40,"column":43}},{"start":{},"end":{}}],"line":40}},"s":{"0":1,"1":1,"2":2,"3":0,"4":2,"5":2,"6":1,"7":1},"f":{"0":2,"1":1},"b":{"0":[0,2]},"_coverageSchema":"1a1c01bbd47fc00a2c39e90264f33305004495a9","hash":"f762f8b70063445615f16df61b8105de49b9a5b2"}
,"C:\\Users\\Asus\\healthcare-backend\\src\\routes\\adminRoutes.js": {"path":"C:\\Users\\Asus\\healthcare-backend\\src\\routes\\adminRoutes.js","statementMap":{"0":{"start":{"line":4,"column":15},"end":{"line":4,"column":31}},"1":{"start":{"line":6,"column":0},"end":{"line":16,"column":2}},"2":{"start":{"line":11,"column":4},"end":{"line":14,"column":7}}},"fnMap":{"0":{"name":"(anonymous_0)","decl":{"start":{"line":10,"column":2},"end":{"line":10,"column":3}},"loc":{"start":{"line":10,"column":16},"end":{"line":15,"column":3}},"line":10}},"branchMap":{},"s":{"0":1,"1":1,"2":0},"f":{"0":0},"b":{},"_coverageSchema":"1a1c01bbd47fc00a2c39e90264f33305004495a9","hash":"7c92f4e61a6315cddf1f40a9db0e6cf4ca0a5d77"}
,"C:\\Users\\Asus\\healthcare-backend\\src\\routes\\appointmentRoutes.js": {"path":"C:\\Users\\Asus\\healthcare-backend\\src\\routes\\appointmentRoutes.js","statementMap":{"0":{"start":{"line":9,"column":15},"end":{"line":9,"column":31}},"1":{"start":{"line":12,"column":0},"end":{"line":12,"column":80}},"2":{"start":{"line":15,"column":0},"end":{"line":15,"column":100}},"3":{"start":{"line":18,"column":0},"end":{"line":18,"column":105}}},"fnMap":{},"branchMap":{},"s":{"0":1,"1":1,"2":1,"3":1},"f":{},"b":{},"_coverageSchema":"1a1c01bbd47fc00a2c39e90264f33305004495a9","hash":"68ff681fd943482ac88f8cb180d010c2e9d62df8"}
,"C:\\Users\\Asus\\healthcare-backend\\src\\routes\\authRoutes.js": {"path":"C:\\Users\\Asus\\healthcare-backend\\src\\routes\\authRoutes.js","statementMap":{"0":{"start":{"line":4,"column":15},"end":{"line":4,"column":31}},"1":{"start":{"line":6,"column":0},"end":{"line":6,"column":35}},"2":{"start":{"line":7,"column":0},"end":{"line":7,"column":29}}},"fnMap":{},"branchMap":{},"s":{"0":1,"1":1,"2":1},"f":{},"b":{},"_coverageSchema":"1a1c01bbd47fc00a2c39e90264f33305004495a9","hash":"0c6d210be3b25ec53b32be8e3bdce82bb2b02543"}
,"C:\\Users\\Asus\\healthcare-backend\\src\\routes\\userRoutes.js": {"path":"C:\\Users\\Asus\\healthcare-backend\\src\\routes\\userRoutes.js","statementMap":{"0":{"start":{"line":5,"column":15},"end":{"line":5,"column":31}},"1":{"start":{"line":7,"column":0},"end":{"line":7,"column":42}}},"fnMap":{},"branchMap":{},"s":{"0":1,"1":1},"f":{},"b":{},"_coverageSchema":"1a1c01bbd47fc00a2c39e90264f33305004495a9","hash":"c7f7a5d748923551b9788f4b58e2f42911675746"}
,"C:\\Users\\Asus\\healthcare-backend\\src\\utils\\generateToken.js": {"path":"C:\\Users\\Asus\\healthcare-backend\\src\\utils\\generateToken.js","statementMap":{"0":{"start":{"line":3,"column":22},"end":{"line":7,"column":1}},"1":{"start":{"line":4,"column":2},"end":{"line":6,"column":5}}},"fnMap":{"0":{"name":"(anonymous_0)","decl":{"start":{"line":3,"column":22},"end":{"line":3,"column":23}},"loc":{"start":{"line":3,"column":34},"end":{"line":7,"column":1}},"line":3}},"branchMap":{"0":{"loc":{"start":{"line":5,"column":15},"end":{"line":5,"column":46}},"type":"binary-expr","locations":[{"start":{"line":5,"column":15},"end":{"line":5,"column":38}},{"start":{"line":5,"column":42},"end":{"line":5,"column":46}}],"line":5}},"s":{"0":1,"1":3},"f":{"0":3},"b":{"0":[3,0]},"_coverageSchema":"1a1c01bbd47fc00a2c39e90264f33305004495a9","hash":"aeb3999eb8fc403bd73d3252245cb8c620c789db"}
}
